<?xml version="1.0" encoding="UTF-8"?>
<!-- Generated by org.testng.reporters.JUnitReportReporter -->
<testsuite hostname="DESKTOP-ME6OV2V" failures="0" tests="1" name="test.Clarttest" time="30.696" errors="0" timestamp="2024-08-11T17:40:36 IST" skipped="0">
  <testcase classname="test.Clarttest" name="test" time="30.696"/>
</testsuite> <!-- test.Clarttest -->
